2022/10/25 07:51:02 [notice] 1#1: using the "epoll" event method
2022/10/25 07:51:02 [notice] 1#1: nginx/1.23.2
2022/10/25 07:51:02 [notice] 1#1: built by gcc 11.2.1 20220219 (Alpine 11.2.1_git20220219) 
2022/10/25 07:51:02 [notice] 1#1: OS: Linux 5.10.76-linuxkit
2022/10/25 07:51:02 [notice] 1#1: getrlimit(RLIMIT_NOFILE): 1048576:1048576
2022/10/25 07:51:02 [notice] 1#1: start worker processes
2022/10/25 07:51:02 [notice] 1#1: start worker process 29
2022/10/25 07:51:02 [notice] 1#1: start worker process 30
2022/10/25 07:51:02 [notice] 1#1: start worker process 31
2022/10/25 07:51:02 [notice] 1#1: start worker process 32
2022/10/25 07:51:38 [notice] 1#1: signal 3 (SIGQUIT) received, shutting down
2022/10/25 07:51:38 [notice] 30#30: gracefully shutting down
2022/10/25 07:51:38 [notice] 29#29: gracefully shutting down
2022/10/25 07:51:38 [notice] 31#31: gracefully shutting down
2022/10/25 07:51:38 [notice] 31#31: exiting
2022/10/25 07:51:38 [notice] 32#32: gracefully shutting down
2022/10/25 07:51:38 [notice] 32#32: exiting
2022/10/25 07:51:38 [notice] 29#29: exiting
2022/10/25 07:51:38 [notice] 31#31: exit
2022/10/25 07:51:38 [notice] 32#32: exit
2022/10/25 07:51:38 [notice] 29#29: exit
2022/10/25 07:51:40 [notice] 1#1: signal 17 (SIGCHLD) received from 31
2022/10/25 07:51:40 [notice] 1#1: worker process 31 exited with code 0
2022/10/25 07:51:40 [notice] 1#1: worker process 32 exited with code 0
2022/10/25 07:51:40 [notice] 1#1: signal 29 (SIGIO) received
2022/10/25 07:51:41 [notice] 1#1: signal 17 (SIGCHLD) received from 29
2022/10/25 07:51:41 [notice] 1#1: worker process 29 exited with code 0
2022/10/25 07:51:41 [notice] 1#1: signal 29 (SIGIO) received
2022/10/25 07:51:41 [notice] 1#1: signal 3 (SIGQUIT) received, shutting down
2022/10/25 07:51:42 [notice] 1#1: signal 3 (SIGQUIT) received, shutting down
2022/10/25 07:51:47 [notice] 1#1: signal 3 (SIGQUIT) received, shutting down
